<?xml version="1.0" encoding="UTF-8"?>
<!-- Generated by org.testng.reporters.JUnitXMLReporter -->
<testsuite ignored="2" hostname="DESKTOP-30EK6F0" failures="2" tests="2" name="Test(failed)" time="5.01" errors="0" timestamp="2022-09-16T19:27:24 IST">
  <testcase classname="com.actitime.testscript.Demo3" name="validate3" time="0.015">
    <failure type="java.lang.Error" message="Unresolved compilation problem: 
	The method log(String) in the type Reporter is not applicable for the arguments (int)
">
      <![CDATA[java.lang.Error: Unresolved compilation problem: 
The method log(String) in the type Reporter is not applicable for the arguments (int)

at com.actitime.testscript.Demo3.validate3(Demo3.java:29)
at java.base/java.util.ArrayList.forEach(ArrayList.java:1511)
... Removed 25 stack frames]]>
    </failure>
  </testcase> <!-- validate3 -->
  <testcase classname="com.actitime.testscript.Test1" name="verify" time="4.936">
    <failure type="java.lang.AssertionError" message="null">
      <![CDATA[java.lang.AssertionError: null
at com.actitime.testscript.Test1.verify(Test1.java:31)
at java.base/java.util.ArrayList.forEach(ArrayList.java:1511)
... Removed 27 stack frames]]>
    </failure>
  </testcase> <!-- verify -->
  <testcase classname="com.actitime.testscript.Demo3" name="test3" time="0.0">
    <ignored/>
  </testcase> <!-- test3 -->
  <testcase classname="com.actitime.testscript.Demo3" name="check3" time="0.0">
    <ignored/>
  </testcase> <!-- check3 -->
</testsuite> <!-- Test(failed) -->
