<?xml version="1.0" encoding="UTF-8"?>
<!-- Generated by org.testng.reporters.JUnitXMLReporter -->
<testsuite ignored="2" hostname="DESKTOP-30EK6F0" failures="0" tests="2" name="Test(failed)(failed)" time="7.901" errors="0" timestamp="2022-09-16T19:29:47 IST">
  <testcase classname="com.actitime.testscript.Demo3" name="validate3" time="0.026"/>
  <testcase classname="com.actitime.testscript.Test1" name="verify" time="7.807"/>
  <testcase classname="com.actitime.testscript.Demo3" name="test3" time="0.0">
    <ignored/>
  </testcase> <!-- test3 -->
  <testcase classname="com.actitime.testscript.Demo3" name="check3" time="0.0">
    <ignored/>
  </testcase> <!-- check3 -->
</testsuite> <!-- Test(failed)(failed) -->
