<?xml version="1.0" encoding="UTF-8"?>
<!-- Generated by org.testng.reporters.JUnitXMLReporter -->
<testsuite ignored="0" hostname="DESKTOP-30EK6F0" failures="3" tests="9" name="Test" time="121.849" errors="0" timestamp="2022-09-21T17:45:50 IST">
  <testcase classname="com.actitime.testscript.ProjectModule" name="createProject" time="0.02"/>
  <testcase classname="com.actitime.testscript.ProjectModule" name="deleteProject" time="0.009">
    <failure type="java.lang.AssertionError" message="null">
      <![CDATA[java.lang.AssertionError: null
at com.actitime.testscript.ProjectModule.deleteProject(ProjectModule.java:31)
at java.base/java.util.ArrayList.forEach(ArrayList.java:1511)
... Removed 27 stack frames]]>
    </failure>
  </testcase> <!-- deleteProject -->
  <testcase classname="com.actitime.testscript.ProjectModule" name="modifyProject" time="0.002"/>
  <testcase classname="com.actitime.testscript.CustomerModule" name="createCustomer" time="0.004">
    <failure type="java.lang.AssertionError" message="null">
      <![CDATA[java.lang.AssertionError: null
at com.actitime.testscript.CustomerModule.createCustomer(CustomerModule.java:17)
at java.base/java.util.ArrayList.forEach(ArrayList.java:1511)
... Removed 27 stack frames]]>
    </failure>
  </testcase> <!-- createCustomer -->
  <testcase classname="com.actitime.testscript.CustomerModule" name="deleteCustomer" time="0.001"/>
  <testcase classname="com.actitime.testscript.CustomerModule" name="modifyCustomer" time="0.006"/>
  <testcase classname="com.actitime.testscript.TaskModule" name="createTask" time="0.005"/>
  <testcase classname="com.actitime.testscript.TaskModule" name="deleteTask" time="0.001"/>
  <testcase classname="com.actitime.testscript.TaskModule" name="modifyTask" time="0.003">
    <failure type="java.lang.AssertionError" message="null">
      <![CDATA[java.lang.AssertionError: null
at com.actitime.testscript.TaskModule.modifyTask(TaskModule.java:23)
at java.base/java.util.ArrayList.forEach(ArrayList.java:1511)
... Removed 27 stack frames]]>
    </failure>
  </testcase> <!-- modifyTask -->
</testsuite> <!-- Test -->
