<?xml version="1.0" encoding="UTF-8"?>
<testng-results ignored="0" total="4" passed="3" failed="1" skipped="0">
  <reporter-output>
    <line>
      <![CDATA[createTask]]>
    </line>
    <line>
      <![CDATA[deleteTask]]>
    </line>
    <line>
      <![CDATA[modifyTask]]>
    </line>
  </reporter-output>
  <suite started-at="2022-09-21T18:10:59 IST" name="Default suite" finished-at="2022-09-21T18:11:39 IST" duration-ms="39629">
    <groups>
      <group name="regressiontest">
        <method signature="TaskModule.createTask()[pri:0, instance:com.actitime.testscript.TaskModule@41fbdac4]" name="createTask" class="com.actitime.testscript.TaskModule"/>
        <method signature="TaskModule.modifyTask()[pri:0, instance:com.actitime.testscript.TaskModule@41fbdac4]" name="modifyTask" class="com.actitime.testscript.TaskModule"/>
      </group> <!-- regressiontest -->
      <group name="smoketest">
        <method signature="TaskModule.createTask()[pri:0, instance:com.actitime.testscript.TaskModule@41fbdac4]" name="createTask" class="com.actitime.testscript.TaskModule"/>
      </group> <!-- smoketest -->
      <group name="integrationtest">
        <method signature="TaskModule.deleteTask()[pri:0, instance:com.actitime.testscript.TaskModule@41fbdac4]" name="deleteTask" class="com.actitime.testscript.TaskModule"/>
      </group> <!-- integrationtest -->
    </groups>
    <test started-at="2022-09-21T18:10:59 IST" name="Default test" finished-at="2022-09-21T18:11:39 IST" duration-ms="39629">
      <class name="com.actitime.testscript.TaskModule">
        <test-method is-config="true" signature="openBrowser()[pri:0, instance:com.actitime.testscript.TaskModule@41fbdac4]" started-at="2022-09-21T18:10:59 IST" name="openBrowser" finished-at="2022-09-21T18:11:19 IST" duration-ms="19561" status="PASS">
          <reporter-output>
          </reporter-output>
        </test-method> <!-- openBrowser -->
        <test-method signature="check(org.openqa.selenium.WebDriver)[pri:0, instance:com.actitime.testscript.TaskModule@41fbdac4]" started-at="2022-09-21T18:11:19 IST" name="check" finished-at="2022-09-21T18:11:19 IST" duration-ms="0" status="FAIL">
          <exception class="org.testng.TestNGException">
            <message>
              <![CDATA[
Cannot inject @Test annotated Method [check] with [interface org.openqa.selenium.WebDriver].
For more information on native dependency injection please refer to https://testng.org/doc/documentation-main.html#native-dependency-injection]]>
            </message>
            <full-stacktrace>
              <![CDATA[org.testng.TestNGException: 
Cannot inject @Test annotated Method [check] with [interface org.openqa.selenium.WebDriver].
For more information on native dependency injection please refer to https://testng.org/doc/documentation-main.html#native-dependency-injection
at org.testng.internal.Parameters.checkParameterTypes(Parameters.java:439)
at org.testng.internal.Parameters.createParametersForMethod(Parameters.java:353)
at org.testng.internal.Parameters.createParameters(Parameters.java:708)
at org.testng.internal.Parameters.handleParameters(Parameters.java:884)
at org.testng.internal.Parameters.handleParameters(Parameters.java:740)
at org.testng.internal.ParameterHandler.handleParameters(ParameterHandler.java:59)
at org.testng.internal.ParameterHandler.createParameters(ParameterHandler.java:38)
at org.testng.internal.TestInvoker$MethodInvocationAgent.invoke(TestInvoker.java:791)
at org.testng.internal.TestInvoker.invokeTestMethods(TestInvoker.java:146)
at org.testng.internal.TestMethodWorker.invokeTestMethods(TestMethodWorker.java:146)
at org.testng.internal.TestMethodWorker.run(TestMethodWorker.java:128)
at java.base/java.util.ArrayList.forEach(ArrayList.java:1511)
at org.testng.TestRunner.privateRun(TestRunner.java:794)
at org.testng.TestRunner.run(TestRunner.java:596)
at org.testng.SuiteRunner.runTest(SuiteRunner.java:377)
at org.testng.SuiteRunner.runSequentially(SuiteRunner.java:371)
at org.testng.SuiteRunner.privateRun(SuiteRunner.java:332)
at org.testng.SuiteRunner.run(SuiteRunner.java:276)
at org.testng.SuiteRunnerWorker.runSuite(SuiteRunnerWorker.java:53)
at org.testng.SuiteRunnerWorker.run(SuiteRunnerWorker.java:96)
at org.testng.TestNG.runSuitesSequentially(TestNG.java:1212)
at org.testng.TestNG.runSuitesLocally(TestNG.java:1134)
at org.testng.TestNG.runSuites(TestNG.java:1063)
at org.testng.TestNG.run(TestNG.java:1031)
at org.testng.remote.AbstractRemoteTestNG.run(AbstractRemoteTestNG.java:115)
at org.testng.remote.RemoteTestNG.initAndRun(RemoteTestNG.java:251)
at org.testng.remote.RemoteTestNG.main(RemoteTestNG.java:77)
]]>
            </full-stacktrace>
          </exception> <!-- org.testng.TestNGException -->
          <reporter-output>
          </reporter-output>
        </test-method> <!-- check -->
        <test-method is-config="true" signature="login()[pri:0, instance:com.actitime.testscript.TaskModule@41fbdac4]" started-at="2022-09-21T18:11:20 IST" name="login" finished-at="2022-09-21T18:11:20 IST" duration-ms="367" status="PASS">
          <reporter-output>
          </reporter-output>
        </test-method> <!-- login -->
        <test-method signature="createTask()[pri:0, instance:com.actitime.testscript.TaskModule@41fbdac4]" started-at="2022-09-21T18:11:20 IST" name="createTask" finished-at="2022-09-21T18:11:20 IST" duration-ms="5" status="PASS">
          <reporter-output>
            <line>
              <![CDATA[createTask]]>
            </line>
          </reporter-output>
        </test-method> <!-- createTask -->
        <test-method is-config="true" signature="logout()[pri:0, instance:com.actitime.testscript.TaskModule@41fbdac4]" started-at="2022-09-21T18:11:20 IST" name="logout" finished-at="2022-09-21T18:11:27 IST" duration-ms="7180" status="PASS">
          <reporter-output>
          </reporter-output>
        </test-method> <!-- logout -->
        <test-method is-config="true" signature="login()[pri:0, instance:com.actitime.testscript.TaskModule@41fbdac4]" started-at="2022-09-21T18:11:27 IST" name="login" finished-at="2022-09-21T18:11:28 IST" duration-ms="411" status="PASS">
          <reporter-output>
          </reporter-output>
        </test-method> <!-- login -->
        <test-method signature="deleteTask()[pri:0, instance:com.actitime.testscript.TaskModule@41fbdac4]" started-at="2022-09-21T18:11:28 IST" name="deleteTask" finished-at="2022-09-21T18:11:28 IST" duration-ms="3" status="PASS">
          <reporter-output>
            <line>
              <![CDATA[deleteTask]]>
            </line>
          </reporter-output>
        </test-method> <!-- deleteTask -->
        <test-method is-config="true" signature="logout()[pri:0, instance:com.actitime.testscript.TaskModule@41fbdac4]" started-at="2022-09-21T18:11:28 IST" name="logout" finished-at="2022-09-21T18:11:33 IST" duration-ms="5086" status="PASS">
          <reporter-output>
          </reporter-output>
        </test-method> <!-- logout -->
        <test-method is-config="true" signature="login()[pri:0, instance:com.actitime.testscript.TaskModule@41fbdac4]" started-at="2022-09-21T18:11:33 IST" name="login" finished-at="2022-09-21T18:11:33 IST" duration-ms="432" status="PASS">
          <reporter-output>
          </reporter-output>
        </test-method> <!-- login -->
        <test-method signature="modifyTask()[pri:0, instance:com.actitime.testscript.TaskModule@41fbdac4]" started-at="2022-09-21T18:11:33 IST" name="modifyTask" finished-at="2022-09-21T18:11:33 IST" duration-ms="3" status="PASS">
          <reporter-output>
            <line>
              <![CDATA[modifyTask]]>
            </line>
          </reporter-output>
        </test-method> <!-- modifyTask -->
        <test-method is-config="true" signature="logout()[pri:0, instance:com.actitime.testscript.TaskModule@41fbdac4]" started-at="2022-09-21T18:11:33 IST" name="logout" finished-at="2022-09-21T18:11:39 IST" duration-ms="5308" status="PASS">
          <reporter-output>
          </reporter-output>
        </test-method> <!-- logout -->
        <test-method is-config="true" signature="closeBrowser()[pri:0, instance:com.actitime.testscript.TaskModule@41fbdac4]" started-at="2022-09-21T18:11:39 IST" name="closeBrowser" finished-at="2022-09-21T18:11:39 IST" duration-ms="367" status="PASS">
          <reporter-output>
          </reporter-output>
        </test-method> <!-- closeBrowser -->
      </class> <!-- com.actitime.testscript.TaskModule -->
    </test> <!-- Default test -->
  </suite> <!-- Default suite -->
</testng-results>
